manifest-merger-release-report.txt
-- Merging decision tree log ---
manifest
ADDED from AndroidManifest.xml:2:1
	xmlns:tools
		ADDED from AndroidManifest.xml:3:5
	xmlns:android
		ADDED from AndroidManifest.xml:2:11
	package
		ADDED from AndroidManifest.xml:4:5
	android:versionName
		ADDED from AndroidManifest.xml:7:5
	android:versionCode
		ADDED from AndroidManifest.xml:5:5
		INJECTED from AndroidManifest.xml:0:0
		INJECTED from AndroidManifest.xml:0:0
uses-sdk
ADDED from AndroidManifest.xml:9:5
MERGED from com.android.support:multidex:1.0.0:18:5
MERGED from me.leolin:ShortcutBadger:1.1.0-WS1:5:5
MERGED from se.emilsjolander:stickylistheaders:2.2.0:3:5
MERGED from com.google.android.gms:play-services-base:7.5.0:18:5
MERGED from com.android.support:support-v4:22.2.1:20:5
MERGED from com.google.android.gms:play-services-ads:7.5.0:23:5
MERGED from com.google.android.gms:play-services-base:7.5.0:18:5
MERGED from com.android.support:support-v4:22.2.1:20:5
MERGED from com.google.android.gms:play-services-analytics:7.5.0:18:5
MERGED from com.google.android.gms:play-services-base:7.5.0:18:5
MERGED from com.android.support:support-v4:22.2.1:20:5
MERGED from com.google.android.gms:play-services-gcm:7.5.0:18:5
MERGED from com.google.android.gms:play-services-base:7.5.0:18:5
MERGED from com.android.support:support-v4:22.2.1:20:5
MERGED from com.jpardogo.materialtabstrip:library:1.0.9:5:5
MERGED from com.android.support:support-v4:22.2.1:20:5
MERGED from com.github.chrisbanes.photoview:library:1.2.3:2:5
MERGED from com.android.support:support-v4:22.2.1:20:5
MERGED from com.makeramen:roundedimageview:1.5.0:7:5
MERGED from com.afollestad:material-dialogs:0.7.3.1:8:5
MERGED from com.android.support:support-v4:22.2.1:20:5
MERGED from com.soundcloud.android:android-crop:0.9.10:5:5
MERGED from com.android.support:appcompat-v7:22.1.1:20:5
MERGED from com.android.support:support-v4:22.2.1:20:5
MERGED from com.android.support:recyclerview-v7:21.0.3:15:5
MERGED from com.android.support:support-v4:22.2.1:20:5
MERGED from com.melnykov:floatingactionbutton:1.1.0:8:5
MERGED from com.android.support:recyclerview-v7:21.0.3:15:5
MERGED from com.android.support:support-v4:22.2.1:20:5
MERGED from com.android.support:support-v4-preferencefragment:1.0.0:15:5
MERGED from com.doomonafireball.betterpickers:library:1.5.3:8:5
MERGED from org.whispersystems:jobmanager:0.11.0:7:5
MERGED from org.whispersystems:libpastelog:1.0.6:23:5
MERGED from com.android.support:support-v4:22.2.1:20:5
MERGED from com.amulyakhare:com.amulyakhare.textdrawable:1.0.1:8:5
MERGED from org.whispersystems:textsecure-android:1.5.0:7:5
MERGED from com.facebook.android:facebook-android-sdk:4.2.0:24:5
MERGED from com.android.support:support-v4:22.2.1:20:5
	android:targetSdkVersion
		INJECTED from AndroidManifest.xml:0:0
		INJECTED from AndroidManifest.xml:0:0
	android:minSdkVersion
		INJECTED from AndroidManifest.xml:0:0
		INJECTED from AndroidManifest.xml:0:0
	tools:overrideLibrary
		ADDED from AndroidManifest.xml:9:15
permission#org.grovecity.drizzlesms.ACCESS_SECRETS
ADDED from AndroidManifest.xml:11:5
	android:label
		ADDED from AndroidManifest.xml:13:9
	android:protectionLevel
		ADDED from AndroidManifest.xml:14:9
	android:name
		ADDED from AndroidManifest.xml:12:9
uses-permission#org.grovecity.drizzlesms.ACCESS_SECRETS
ADDED from AndroidManifest.xml:16:5
	android:name
		ADDED from AndroidManifest.xml:16:22
uses-permission#android.permission.READ_PROFILE
ADDED from AndroidManifest.xml:17:5
	android:name
		ADDED from AndroidManifest.xml:17:22
uses-permission#android.permission.WRITE_PROFILE
ADDED from AndroidManifest.xml:18:5
	android:name
		ADDED from AndroidManifest.xml:18:22
uses-permission#android.permission.BROADCAST_WAP_PUSH
ADDED from AndroidManifest.xml:19:5
	android:name
		ADDED from AndroidManifest.xml:20:9
	tools:ignore
		ADDED from AndroidManifest.xml:21:9
uses-permission#android.permission.READ_CONTACTS
ADDED from AndroidManifest.xml:22:5
	android:name
		ADDED from AndroidManifest.xml:22:22
uses-permission#android.permission.WRITE_CONTACTS
ADDED from AndroidManifest.xml:23:5
	android:name
		ADDED from AndroidManifest.xml:23:22
uses-permission#android.permission.RECEIVE_BOOT_COMPLETED
ADDED from AndroidManifest.xml:24:5
	android:name
		ADDED from AndroidManifest.xml:24:22
uses-permission#android.permission.RECEIVE_SMS
ADDED from AndroidManifest.xml:25:5
	android:name
		ADDED from AndroidManifest.xml:25:22
uses-permission#android.permission.RECEIVE_MMS
ADDED from AndroidManifest.xml:26:5
	android:name
		ADDED from AndroidManifest.xml:26:22
uses-permission#android.permission.READ_SMS
ADDED from AndroidManifest.xml:27:5
	android:name
		ADDED from AndroidManifest.xml:27:22
uses-permission#android.permission.SEND_SMS
ADDED from AndroidManifest.xml:28:5
	android:name
		ADDED from AndroidManifest.xml:28:22
uses-permission#android.permission.WRITE_SMS
ADDED from AndroidManifest.xml:29:5
	android:name
		ADDED from AndroidManifest.xml:29:22
uses-permission#android.permission.VIBRATE
ADDED from AndroidManifest.xml:30:5
	android:name
		ADDED from AndroidManifest.xml:30:22
uses-permission#android.permission.ACCESS_NETWORK_STATE
ADDED from AndroidManifest.xml:31:5
MERGED from com.google.android.gms:play-services-ads:7.5.0:21:5
MERGED from com.google.android.gms:play-services-analytics:7.5.0:22:5
	android:name
		ADDED from AndroidManifest.xml:31:22
uses-permission#android.permission.CHANGE_NETWORK_STATE
ADDED from AndroidManifest.xml:32:5
	android:name
		ADDED from AndroidManifest.xml:32:22
uses-permission#android.permission.READ_PHONE_STATE
ADDED from AndroidManifest.xml:33:5
	android:name
		ADDED from AndroidManifest.xml:33:22
uses-permission#android.permission.WAKE_LOCK
ADDED from AndroidManifest.xml:34:5
MERGED from org.whispersystems:jobmanager:0.11.0:11:5
	android:name
		ADDED from AndroidManifest.xml:34:22
uses-permission#android.permission.INTERNET
ADDED from AndroidManifest.xml:35:5
MERGED from com.google.android.gms:play-services-ads:7.5.0:20:5
MERGED from com.google.android.gms:play-services-analytics:7.5.0:21:5
	android:name
		ADDED from AndroidManifest.xml:35:22
uses-permission#android.permission.WRITE_EXTERNAL_STORAGE
ADDED from AndroidManifest.xml:36:5
	android:name
		ADDED from AndroidManifest.xml:36:22
uses-permission#android.permission.READ_CALL_LOG
ADDED from AndroidManifest.xml:37:5
	android:name
		ADDED from AndroidManifest.xml:37:22
uses-permission#android.permission.GET_ACCOUNTS
ADDED from AndroidManifest.xml:38:5
	android:name
		ADDED from AndroidManifest.xml:38:22
uses-permission#com.google.android.c2dm.permission.RECEIVE
ADDED from AndroidManifest.xml:39:5
	android:name
		ADDED from AndroidManifest.xml:39:22
permission#org.grovecity.drizzlesms.permission.C2D_MESSAGE
ADDED from AndroidManifest.xml:41:5
	android:protectionLevel
		ADDED from AndroidManifest.xml:43:9
	android:name
		ADDED from AndroidManifest.xml:42:9
uses-permission#org.grovecity.drizzlesms.permission.C2D_MESSAGE
ADDED from AndroidManifest.xml:44:5
	android:name
		ADDED from AndroidManifest.xml:44:22
application
ADDED from AndroidManifest.xml:46:5
MERGED from com.google.android.gms:play-services-base:7.5.0:20:5
MERGED from com.android.support:support-v4:22.2.1:22:5
MERGED from com.google.android.gms:play-services-ads:7.5.0:24:5
MERGED from com.google.android.gms:play-services-base:7.5.0:20:5
MERGED from com.android.support:support-v4:22.2.1:22:5
MERGED from com.google.android.gms:play-services-analytics:7.5.0:24:5
MERGED from com.google.android.gms:play-services-base:7.5.0:20:5
MERGED from com.android.support:support-v4:22.2.1:22:5
MERGED from com.google.android.gms:play-services-gcm:7.5.0:19:5
MERGED from com.google.android.gms:play-services-base:7.5.0:20:5
MERGED from com.android.support:support-v4:22.2.1:22:5
MERGED from com.jpardogo.materialtabstrip:library:1.0.9:9:5
MERGED from com.android.support:support-v4:22.2.1:22:5
MERGED from com.github.chrisbanes.photoview:library:1.2.3:4:5
MERGED from com.android.support:support-v4:22.2.1:22:5
MERGED from com.afollestad:material-dialogs:0.7.3.1:12:5
MERGED from com.android.support:support-v4:22.2.1:22:5
MERGED from com.soundcloud.android:android-crop:0.9.10:9:5
MERGED from com.android.support:appcompat-v7:22.1.1:22:5
MERGED from com.android.support:support-v4:22.2.1:22:5
MERGED from com.android.support:recyclerview-v7:21.0.3:17:5
MERGED from com.android.support:support-v4:22.2.1:22:5
MERGED from com.melnykov:floatingactionbutton:1.1.0:12:5
MERGED from com.android.support:recyclerview-v7:21.0.3:17:5
MERGED from com.android.support:support-v4:22.2.1:22:5
MERGED from org.whispersystems:jobmanager:0.11.0:13:5
MERGED from org.whispersystems:libpastelog:1.0.6:27:5
MERGED from com.android.support:support-v4:22.2.1:22:5
MERGED from com.amulyakhare:com.amulyakhare.textdrawable:1.0.1:12:5
MERGED from org.whispersystems:textsecure-android:1.5.0:11:5
MERGED from org.whispersystems:curve25519-android:0.2.2:5:5
MERGED from com.facebook.android:facebook-android-sdk:4.2.0:28:5
MERGED from com.android.support:support-v4:22.2.1:22:5
	android:allowBackup
		ADDED from com.github.chrisbanes.photoview:library:1.2.3:4:18
	android:label
		ADDED from AndroidManifest.xml:49:9
	android:icon
		ADDED from AndroidManifest.xml:48:9
	android:hardwareAccelerated
		ADDED from com.github.chrisbanes.photoview:library:1.2.3:4:45
	android:theme
		ADDED from AndroidManifest.xml:51:9
	android:name
		ADDED from AndroidManifest.xml:47:9
meta-data#com.google.android.gms.version
ADDED from AndroidManifest.xml:53:9
MERGED from com.google.android.gms:play-services-base:7.5.0:21:9
MERGED from com.google.android.gms:play-services-base:7.5.0:21:9
MERGED from com.google.android.gms:play-services-base:7.5.0:21:9
MERGED from com.google.android.gms:play-services-base:7.5.0:21:9
	android:name
		ADDED from AndroidManifest.xml:54:13
	android:value
		ADDED from AndroidManifest.xml:55:13
meta-data#org.grovecity.drizzlesms.mms.TextSecureGlideModule
ADDED from AndroidManifest.xml:57:9
	android:name
		ADDED from AndroidManifest.xml:58:13
	android:value
		ADDED from AndroidManifest.xml:59:13
activity#org.grovecity.drizzlesms.CountrySelectionActivity
ADDED from AndroidManifest.xml:61:9
	android:configChanges
		ADDED from AndroidManifest.xml:63:13
	android:name
		ADDED from AndroidManifest.xml:62:13
activity#org.grovecity.drizzlesms.ImportExportActivity
ADDED from AndroidManifest.xml:65:9
	android:configChanges
		ADDED from AndroidManifest.xml:67:13
	android:name
		ADDED from AndroidManifest.xml:66:13
activity#org.grovecity.drizzlesms.PromptMmsActivity
ADDED from AndroidManifest.xml:69:9
	android:windowSoftInputMode
		ADDED from AndroidManifest.xml:73:13
	android:label
		ADDED from AndroidManifest.xml:72:13
	android:configChanges
		ADDED from AndroidManifest.xml:71:13
	android:name
		ADDED from AndroidManifest.xml:70:13
activity#org.grovecity.drizzlesms.DeviceProvisioningActivity
ADDED from AndroidManifest.xml:75:9
	android:configChanges
		ADDED from AndroidManifest.xml:77:13
	android:name
		ADDED from AndroidManifest.xml:76:13
intent-filter#android.intent.action.VIEW+android.intent.category.BROWSABLE+android.intent.category.DEFAULT
ADDED from AndroidManifest.xml:78:13
action#android.intent.action.VIEW
ADDED from AndroidManifest.xml:79:17
	android:name
		ADDED from AndroidManifest.xml:79:25
category#android.intent.category.DEFAULT
ADDED from AndroidManifest.xml:81:17
	android:name
		ADDED from AndroidManifest.xml:81:27
category#android.intent.category.BROWSABLE
ADDED from AndroidManifest.xml:82:17
	android:name
		ADDED from AndroidManifest.xml:82:27
data
ADDED from AndroidManifest.xml:84:17
	android:scheme
		ADDED from AndroidManifest.xml:84:23
activity#org.grovecity.drizzlesms.preferences.MmsPreferencesActivity
ADDED from AndroidManifest.xml:88:9
	android:configChanges
		ADDED from AndroidManifest.xml:90:13
	android:name
		ADDED from AndroidManifest.xml:89:13
activity#org.grovecity.drizzlesms.ShareActivity
ADDED from AndroidManifest.xml:92:9
	android:windowSoftInputMode
		ADDED from AndroidManifest.xml:98:13
	android:noHistory
		ADDED from AndroidManifest.xml:97:13
	android:configChanges
		ADDED from AndroidManifest.xml:94:13
	android:excludeFromRecents
		ADDED from AndroidManifest.xml:95:13
	android:name
		ADDED from AndroidManifest.xml:93:13
	android:launchMode
		ADDED from AndroidManifest.xml:96:13
intent-filter#android.intent.action.SEND+android.intent.category.DEFAULT
ADDED from AndroidManifest.xml:100:13
action#android.intent.action.SEND
ADDED from AndroidManifest.xml:101:17
	android:name
		ADDED from AndroidManifest.xml:101:25
activity#org.grovecity.drizzlesms.ConversationListActivity
ADDED from AndroidManifest.xml:112:9
	android:label
		ADDED from AndroidManifest.xml:116:13
	android:configChanges
		ADDED from AndroidManifest.xml:114:13
	android:exported
		ADDED from AndroidManifest.xml:115:13
	android:name
		ADDED from AndroidManifest.xml:113:13
	android:launchMode
		ADDED from AndroidManifest.xml:117:13
activity#com.facebook.FacebookActivity
ADDED from AndroidManifest.xml:118:9
	android:windowSoftInputMode
		ADDED from AndroidManifest.xml:121:13
	android:screenOrientation
		ADDED from AndroidManifest.xml:120:13
	android:name
		ADDED from AndroidManifest.xml:119:13
meta-data#com.facebook.sdk.ApplicationId
ADDED from AndroidManifest.xml:123:9
	android:name
		ADDED from AndroidManifest.xml:124:13
	android:value
		ADDED from AndroidManifest.xml:125:13
meta-data#com.facebook.sdk.ApplicationName
ADDED from AndroidManifest.xml:126:9
	android:name
		ADDED from AndroidManifest.xml:127:13
	android:value
		ADDED from AndroidManifest.xml:128:13
activity-alias#org.grovecity.drizzlesms.RoutingActivity
ADDED from AndroidManifest.xml:130:9
	android:exported
		ADDED from AndroidManifest.xml:132:13
	android:targetActivity
		ADDED from AndroidManifest.xml:133:13
	android:name
		ADDED from AndroidManifest.xml:131:13
activity#org.grovecity.drizzlesms.tutorial.TutorialActivity
ADDED from AndroidManifest.xml:138:9
	android:label
		ADDED from AndroidManifest.xml:140:13
	android:name
		ADDED from AndroidManifest.xml:139:13
intent-filter#android.intent.action.MAIN+android.intent.category.LAUNCHER
ADDED from AndroidManifest.xml:142:13
action#android.intent.action.MAIN
ADDED from AndroidManifest.xml:143:17
	android:name
		ADDED from AndroidManifest.xml:143:25
category#android.intent.category.LAUNCHER
ADDED from AndroidManifest.xml:144:17
	android:name
		ADDED from AndroidManifest.xml:144:27
activity#com.google.android.gms.ads.AdActivity
ADDED from AndroidManifest.xml:149:9
MERGED from com.google.android.gms:play-services-ads:7.5.0:26:9
	android:configChanges
		ADDED from AndroidManifest.xml:151:13
	android:theme
		ADDED from AndroidManifest.xml:152:13
	android:name
		ADDED from AndroidManifest.xml:150:13
activity#org.grovecity.drizzlesms.ConversationActivity
ADDED from AndroidManifest.xml:157:9
	android:windowSoftInputMode
		ADDED from AndroidManifest.xml:161:13
	android:configChanges
		ADDED from AndroidManifest.xml:159:13
	android:name
		ADDED from AndroidManifest.xml:158:13
	android:launchMode
		ADDED from AndroidManifest.xml:160:13
activity#org.grovecity.drizzlesms.MessageDetailsActivity
ADDED from AndroidManifest.xml:163:9
	android:windowSoftInputMode
		ADDED from AndroidManifest.xml:168:13
	android:label
		ADDED from AndroidManifest.xml:166:13
	android:configChanges
		ADDED from AndroidManifest.xml:165:13
	android:name
		ADDED from AndroidManifest.xml:164:13
	android:launchMode
		ADDED from AndroidManifest.xml:167:13
activity#org.grovecity.drizzlesms.GroupCreateActivity
ADDED from AndroidManifest.xml:170:9
	android:windowSoftInputMode
		ADDED from AndroidManifest.xml:173:13
	android:configChanges
		ADDED from AndroidManifest.xml:172:13
	android:name
		ADDED from AndroidManifest.xml:171:13
activity#org.grovecity.drizzlesms.DatabaseMigrationActivity
ADDED from AndroidManifest.xml:175:9
	android:configChanges
		ADDED from AndroidManifest.xml:177:13
	android:theme
		ADDED from AndroidManifest.xml:179:13
	android:name
		ADDED from AndroidManifest.xml:176:13
	android:launchMode
		ADDED from AndroidManifest.xml:178:13
activity#org.grovecity.drizzlesms.DatabaseUpgradeActivity
ADDED from AndroidManifest.xml:181:9
	android:configChanges
		ADDED from AndroidManifest.xml:183:13
	android:theme
		ADDED from AndroidManifest.xml:185:13
	android:name
		ADDED from AndroidManifest.xml:182:13
	android:launchMode
		ADDED from AndroidManifest.xml:184:13
activity#org.grovecity.drizzlesms.PassphraseCreateActivity
ADDED from AndroidManifest.xml:187:9
	android:windowSoftInputMode
		ADDED from AndroidManifest.xml:193:13
	android:label
		ADDED from AndroidManifest.xml:190:13
	android:configChanges
		ADDED from AndroidManifest.xml:189:13
	android:theme
		ADDED from AndroidManifest.xml:192:13
	android:name
		ADDED from AndroidManifest.xml:188:13
	android:launchMode
		ADDED from AndroidManifest.xml:191:13
activity#org.grovecity.drizzlesms.SignUpActivity
ADDED from AndroidManifest.xml:195:9
	android:windowSoftInputMode
		ADDED from AndroidManifest.xml:198:13
	android:configChanges
		ADDED from AndroidManifest.xml:197:13
	android:name
		ADDED from AndroidManifest.xml:196:13
activity#org.grovecity.drizzlesms.LoginActivityNew
ADDED from AndroidManifest.xml:200:9
	android:windowSoftInputMode
		ADDED from AndroidManifest.xml:203:13
	android:configChanges
		ADDED from AndroidManifest.xml:202:13
	android:name
		ADDED from AndroidManifest.xml:201:13
activity#org.grovecity.drizzlesms.PassphrasePromptActivity
ADDED from AndroidManifest.xml:205:9
	android:windowSoftInputMode
		ADDED from AndroidManifest.xml:211:13
	android:label
		ADDED from AndroidManifest.xml:208:13
	android:configChanges
		ADDED from AndroidManifest.xml:207:13
	android:theme
		ADDED from AndroidManifest.xml:210:13
	android:name
		ADDED from AndroidManifest.xml:206:13
	android:launchMode
		ADDED from AndroidManifest.xml:209:13
activity#org.grovecity.drizzlesms.NewConversationActivity
ADDED from AndroidManifest.xml:213:9
	android:windowSoftInputMode
		ADDED from AndroidManifest.xml:217:13
	android:label
		ADDED from AndroidManifest.xml:216:13
	android:configChanges
		ADDED from AndroidManifest.xml:215:13
	android:name
		ADDED from AndroidManifest.xml:214:13
activity#org.grovecity.drizzlesms.PushContactSelectionActivity
ADDED from AndroidManifest.xml:219:9
	android:windowSoftInputMode
		ADDED from AndroidManifest.xml:223:13
	android:label
		ADDED from AndroidManifest.xml:222:13
	android:configChanges
		ADDED from AndroidManifest.xml:221:13
	android:name
		ADDED from AndroidManifest.xml:220:13
activity#org.grovecity.drizzlesms.ViewIdentityActivity
ADDED from AndroidManifest.xml:225:9
	android:label
		ADDED from AndroidManifest.xml:228:13
	android:configChanges
		ADDED from AndroidManifest.xml:227:13
	android:name
		ADDED from AndroidManifest.xml:226:13
activity#org.grovecity.drizzlesms.ViewLocalIdentityActivity
ADDED from AndroidManifest.xml:230:9
	android:configChanges
		ADDED from AndroidManifest.xml:232:13
	android:name
		ADDED from AndroidManifest.xml:231:13
activity#org.grovecity.drizzlesms.PassphraseChangeActivity
ADDED from AndroidManifest.xml:234:9
	android:label
		ADDED from AndroidManifest.xml:237:13
	android:configChanges
		ADDED from AndroidManifest.xml:236:13
	android:name
		ADDED from AndroidManifest.xml:235:13
activity#org.grovecity.drizzlesms.VerifyIdentityActivity
ADDED from AndroidManifest.xml:239:9
	android:label
		ADDED from AndroidManifest.xml:242:13
	android:configChanges
		ADDED from AndroidManifest.xml:241:13
	android:name
		ADDED from AndroidManifest.xml:240:13
activity#org.grovecity.drizzlesms.ApplicationPreferencesActivity
ADDED from AndroidManifest.xml:244:9
	android:configChanges
		ADDED from AndroidManifest.xml:246:13
	android:name
		ADDED from AndroidManifest.xml:245:13
activity#org.grovecity.drizzlesms.RegistrationActivity
ADDED from AndroidManifest.xml:248:9
	android:windowSoftInputMode
		ADDED from AndroidManifest.xml:251:13
	android:configChanges
		ADDED from AndroidManifest.xml:250:13
	android:name
		ADDED from AndroidManifest.xml:249:13
activity#org.grovecity.drizzlesms.RegistrationProgressActivity
ADDED from AndroidManifest.xml:253:9
	android:configChanges
		ADDED from AndroidManifest.xml:255:13
	android:name
		ADDED from AndroidManifest.xml:254:13
activity#org.grovecity.drizzlesms.LogSubmitActivity
ADDED from AndroidManifest.xml:257:9
	android:windowSoftInputMode
		ADDED from AndroidManifest.xml:261:13
	android:label
		ADDED from AndroidManifest.xml:260:13
	android:configChanges
		ADDED from AndroidManifest.xml:259:13
	android:name
		ADDED from AndroidManifest.xml:258:13
activity#org.grovecity.drizzlesms.MediaPreviewActivity
ADDED from AndroidManifest.xml:263:9
	android:windowSoftInputMode
		ADDED from AndroidManifest.xml:268:13
	android:label
		ADDED from AndroidManifest.xml:266:13
	android:configChanges
		ADDED from AndroidManifest.xml:265:13
	android:name
		ADDED from AndroidManifest.xml:264:13
	android:launchMode
		ADDED from AndroidManifest.xml:267:13
activity#org.grovecity.drizzlesms.MediaOverviewActivity
ADDED from AndroidManifest.xml:270:9
	android:windowSoftInputMode
		ADDED from AndroidManifest.xml:273:13
	android:configChanges
		ADDED from AndroidManifest.xml:272:13
	android:name
		ADDED from AndroidManifest.xml:271:13
activity#org.grovecity.drizzlesms.DummyActivity
ADDED from AndroidManifest.xml:275:9
	android:noHistory
		ADDED from AndroidManifest.xml:283:13
	android:theme
		ADDED from AndroidManifest.xml:285:13
	android:stateNotNeeded
		ADDED from AndroidManifest.xml:284:13
	android:enabled
		ADDED from AndroidManifest.xml:280:13
	android:clearTaskOnLaunch
		ADDED from AndroidManifest.xml:279:13
	android:allowTaskReparenting
		ADDED from AndroidManifest.xml:277:13
	android:excludeFromRecents
		ADDED from AndroidManifest.xml:281:13
	android:name
		ADDED from AndroidManifest.xml:276:13
	android:finishOnTaskLaunch
		ADDED from AndroidManifest.xml:282:13
	android:alwaysRetainTaskState
		ADDED from AndroidManifest.xml:278:13
activity#org.grovecity.drizzlesms.PlayServicesProblemActivity
ADDED from AndroidManifest.xml:287:9
	android:configChanges
		ADDED from AndroidManifest.xml:289:13
	android:theme
		ADDED from AndroidManifest.xml:290:13
	android:name
		ADDED from AndroidManifest.xml:288:13
activity#org.grovecity.drizzlesms.SmsSendtoActivity
ADDED from AndroidManifest.xml:292:9
	android:name
		ADDED from AndroidManifest.xml:292:19
intent-filter#android.intent.action.SENDTO+android.intent.action.VIEW+android.intent.category.BROWSABLE+android.intent.category.DEFAULT
ADDED from AndroidManifest.xml:293:13
action#android.intent.action.SENDTO
ADDED from AndroidManifest.xml:294:17
	android:name
		ADDED from AndroidManifest.xml:294:25
activity#com.soundcloud.android.crop.CropImageActivity
ADDED from AndroidManifest.xml:307:9
	android:name
		ADDED from AndroidManifest.xml:307:19
service#org.grovecity.drizzlesms.service.ApplicationMigrationService
ADDED from AndroidManifest.xml:309:9
	android:enabled
		ADDED from AndroidManifest.xml:311:13
	android:name
		ADDED from AndroidManifest.xml:310:13
service#org.grovecity.drizzlesms.service.KeyCachingService
ADDED from AndroidManifest.xml:312:9
	android:enabled
		ADDED from AndroidManifest.xml:314:13
	android:name
		ADDED from AndroidManifest.xml:313:13
service#org.grovecity.drizzlesms.service.RegistrationService
ADDED from AndroidManifest.xml:315:9
	android:enabled
		ADDED from AndroidManifest.xml:317:13
	android:name
		ADDED from AndroidManifest.xml:316:13
service#org.grovecity.drizzlesms.service.MessageRetrievalService
ADDED from AndroidManifest.xml:318:9
	android:enabled
		ADDED from AndroidManifest.xml:320:13
	android:name
		ADDED from AndroidManifest.xml:319:13
service#org.grovecity.drizzlesms.service.QuickResponseService
ADDED from AndroidManifest.xml:322:9
	android:exported
		ADDED from AndroidManifest.xml:324:13
	android:permission
		ADDED from AndroidManifest.xml:325:13
	android:name
		ADDED from AndroidManifest.xml:323:13
intent-filter#android.intent.action.RESPOND_VIA_MESSAGE+android.intent.category.DEFAULT
ADDED from AndroidManifest.xml:326:13
action#android.intent.action.RESPOND_VIA_MESSAGE
ADDED from AndroidManifest.xml:327:17
	android:name
		ADDED from AndroidManifest.xml:327:25
receiver#org.grovecity.drizzlesms.gcm.GcmBroadcastReceiver
ADDED from AndroidManifest.xml:338:9
	android:permission
		ADDED from AndroidManifest.xml:340:13
	android:name
		ADDED from AndroidManifest.xml:339:13
intent-filter#com.google.android.c2dm.intent.RECEIVE+org.grovecity.drizzlesms
ADDED from AndroidManifest.xml:341:13
action#com.google.android.c2dm.intent.RECEIVE
ADDED from AndroidManifest.xml:342:17
	android:name
		ADDED from AndroidManifest.xml:342:25
category#org.grovecity.drizzlesms
ADDED from AndroidManifest.xml:343:17
	android:name
		ADDED from AndroidManifest.xml:343:27
receiver#org.grovecity.drizzlesms.service.SmsListener
ADDED from AndroidManifest.xml:347:9
	android:exported
		ADDED from AndroidManifest.xml:350:13
	android:enabled
		ADDED from AndroidManifest.xml:349:13
	android:permission
		ADDED from AndroidManifest.xml:351:13
	android:name
		ADDED from AndroidManifest.xml:348:13
intent-filter#android.provider.Telephony.SMS_RECEIVED
ADDED from AndroidManifest.xml:352:13
	android:priority
		ADDED from AndroidManifest.xml:352:28
action#android.provider.Telephony.SMS_RECEIVED
ADDED from AndroidManifest.xml:353:17
	android:name
		ADDED from AndroidManifest.xml:353:25
intent-filter#android.provider.Telephony.SMS_DELIVER
ADDED from AndroidManifest.xml:355:13
action#android.provider.Telephony.SMS_DELIVER
ADDED from AndroidManifest.xml:356:17
	android:name
		ADDED from AndroidManifest.xml:356:25
receiver#org.grovecity.drizzlesms.service.SmsDeliveryListener
ADDED from AndroidManifest.xml:360:9
	android:exported
		ADDED from AndroidManifest.xml:362:13
	android:name
		ADDED from AndroidManifest.xml:361:13
intent-filter#org.grovecity.drizzlesms.services.MESSAGE_SENT
ADDED from AndroidManifest.xml:363:13
action#org.grovecity.drizzlesms.services.MESSAGE_SENT
ADDED from AndroidManifest.xml:364:17
	android:name
		ADDED from AndroidManifest.xml:364:25
receiver#org.grovecity.drizzlesms.service.MmsListener
ADDED from AndroidManifest.xml:368:9
	android:exported
		ADDED from AndroidManifest.xml:371:13
	android:enabled
		ADDED from AndroidManifest.xml:370:13
	android:permission
		ADDED from AndroidManifest.xml:372:13
	android:name
		ADDED from AndroidManifest.xml:369:13
intent-filter#android.provider.Telephony.WAP_PUSH_RECEIVED
ADDED from AndroidManifest.xml:373:13
	android:priority
		ADDED from AndroidManifest.xml:373:28
action#android.provider.Telephony.WAP_PUSH_RECEIVED
ADDED from AndroidManifest.xml:374:17
	android:name
		ADDED from AndroidManifest.xml:374:25
intent-filter#android.provider.Telephony.WAP_PUSH_DELIVER
ADDED from AndroidManifest.xml:377:13
action#android.provider.Telephony.WAP_PUSH_DELIVER
ADDED from AndroidManifest.xml:378:17
	android:name
		ADDED from AndroidManifest.xml:378:25
receiver#org.grovecity.drizzlesms.notifications.MarkReadReceiver
ADDED from AndroidManifest.xml:383:9
	android:exported
		ADDED from AndroidManifest.xml:386:13
	android:enabled
		ADDED from AndroidManifest.xml:385:13
	android:name
		ADDED from AndroidManifest.xml:384:13
intent-filter#org.grovecity.drizzlesms.notifications.CLEAR
ADDED from AndroidManifest.xml:387:13
action#org.grovecity.drizzlesms.notifications.CLEAR
ADDED from AndroidManifest.xml:388:17
	android:name
		ADDED from AndroidManifest.xml:388:25
provider#org.grovecity.drizzlesms.providers.PartProvider
ADDED from AndroidManifest.xml:392:9
	android:grantUriPermissions
		ADDED from AndroidManifest.xml:395:13
	android:authorities
		ADDED from AndroidManifest.xml:394:13
	android:name
		ADDED from AndroidManifest.xml:393:13
provider#org.grovecity.drizzlesms.providers.MmsBodyProvider
ADDED from AndroidManifest.xml:397:9
	android:grantUriPermissions
		ADDED from AndroidManifest.xml:400:13
	android:authorities
		ADDED from AndroidManifest.xml:399:13
	android:name
		ADDED from AndroidManifest.xml:398:13
receiver#org.grovecity.drizzlesms.service.RegistrationNotifier
ADDED from AndroidManifest.xml:402:9
	android:exported
		ADDED from AndroidManifest.xml:404:13
	android:name
		ADDED from AndroidManifest.xml:403:13
intent-filter#org.grovecity.drizzlesms.REGISTRATION_EVENT
ADDED from AndroidManifest.xml:405:13
action#org.grovecity.drizzlesms.REGISTRATION_EVENT
ADDED from AndroidManifest.xml:406:17
	android:name
		ADDED from AndroidManifest.xml:406:25
receiver#org.grovecity.drizzlesms.service.DirectoryRefreshListener
ADDED from AndroidManifest.xml:410:9
	android:name
		ADDED from AndroidManifest.xml:410:19
intent-filter#android.intent.action.BOOT_COMPLETED+org.whispersystems.whisperpush.DIRECTORY_REFRESH
ADDED from AndroidManifest.xml:411:13
action#org.whispersystems.whisperpush.DIRECTORY_REFRESH
ADDED from AndroidManifest.xml:412:17
	android:name
		ADDED from AndroidManifest.xml:412:25
action#android.intent.action.BOOT_COMPLETED
ADDED from AndroidManifest.xml:413:17
	android:name
		ADDED from AndroidManifest.xml:413:25
receiver#org.grovecity.drizzlesms.notifications.MessageNotifier$ReminderReceiver
ADDED from AndroidManifest.xml:417:9
	android:name
		ADDED from AndroidManifest.xml:417:19
intent-filter#org.grovecity.drizzlesms.MessageNotifier.REMINDER_ACTION
ADDED from AndroidManifest.xml:418:13
action#org.grovecity.drizzlesms.MessageNotifier.REMINDER_ACTION
ADDED from AndroidManifest.xml:419:17
	android:name
		ADDED from AndroidManifest.xml:419:25
receiver#org.grovecity.drizzlesms.notifications.MessageNotifier$DeleteReceiver
ADDED from AndroidManifest.xml:423:9
	android:name
		ADDED from AndroidManifest.xml:423:19
intent-filter#org.grovecity.drizzlesms.MessageNotifier.DELETE_REMINDER_ACTION
ADDED from AndroidManifest.xml:424:13
action#org.grovecity.drizzlesms.MessageNotifier.DELETE_REMINDER_ACTION
ADDED from AndroidManifest.xml:425:17
	android:name
		ADDED from AndroidManifest.xml:425:25
service#com.parse.PushService